<?xml version="1.0" encoding="utf-8" standalone="no"?>
<!--This file represents the results of running a test suite-->
<test-results name="C:\Projects\nroles-publish\src\NRoles.nunit" total="0" errors="0" failures="0" not-run="1" inconclusive="0" ignored="1" skipped="0" invalid="0" date="2011-07-07" time="17:43:23">
  <environment nunit-version="2.5.7.10213" clr-version="2.0.50727.3623" os-version="Microsoft Windows NT 5.1.2600 Service Pack 3" platform="Win32NT" cwd="C:\Documents and Settings\Jordão" machine-name="PLUTO" user="Jordão" user-domain="PLUTO" />
  <culture-info current-culture="en-US" current-uiculture="en-US" />
  <test-suite type="Project" name="C:\Projects\nroles-publish\src\NRoles.nunit" executed="True" result="Inconclusive" success="False" time="0.266" asserts="0">
    <results>
      <test-suite type="Assembly" name="C:\Projects\nroles-publish\src\NRoles.Engine.Test.Acceptance\bin\Release\NRoles.Engine.Test.Acceptance.dll" executed="True" result="Inconclusive" success="False" time="0.219" asserts="0">
        <results>
          <test-suite type="Namespace" name="NRoles" executed="True" result="Inconclusive" success="False" time="0.203" asserts="0">
            <results>
              <test-suite type="Namespace" name="Engine" executed="True" result="Inconclusive" success="False" time="0.188" asserts="0">
                <results>
                  <test-suite type="Namespace" name="Test" executed="True" result="Inconclusive" success="False" time="0.156" asserts="0">
                    <results>
                      <test-suite type="TestFixture" name="Role_And_Composition_Fixture" executed="True" result="Inconclusive" success="False" time="0.141" asserts="0">
                        <results>
                          <test-suite type="ParameterizedTest" name="Test_Role_Mutation" executed="True" result="Inconclusive" success="False" time="0.109" asserts="0">
                            <results>
                              <test-case name="NRoles.Engine.Test.Role_And_Composition_Fixture.Role_With_Static_Constructor - Role_With_Static_Constructor_Composition - Role_With_Static_Constructor_Composition_Test" executed="False" result="Ignored">
                                <reason>
                                  <message><![CDATA[]]></message>
                                </reason>
                              </test-case>
                            </results>
                          </test-suite>
                        </results>
                      </test-suite>
                    </results>
                  </test-suite>
                </results>
              </test-suite>
            </results>
          </test-suite>
        </results>
      </test-suite>
    </results>
  </test-suite>
</test-results>